2024-10-22 09:16:08 - Starting UserControllerTest using Java 21.0.3 with PID 14012 (started by pbhatt in C:\Users\pbhatt\OneDrive - WatchGuard Technologies Inc\Documents\project\banking-system-api-private)
2024-10-22 09:16:08 - No active profile set, falling back to 1 default profile: "default"
2024-10-22 09:16:10 - Bootstrapping Spring Data JPA repositories in DEFAULT mode.
2024-10-22 09:16:10 - Finished Spring Data repository scanning in 293 ms. Found 4 JPA repository interfaces.
2024-10-22 09:16:11 - HHH000204: Processing PersistenceUnitInfo [name: default]
2024-10-22 09:16:11 - HHH000412: Hibernate ORM core version 6.5.3.Final
2024-10-22 09:16:12 - HHH000026: Second-level cache disabled
2024-10-22 09:16:12 - No LoadTimeWeaver setup: ignoring JPA class transformer
2024-10-22 09:16:12 - HikariPool-1 - Starting...
2024-10-22 09:16:13 - HikariPool-1 - Added connection com.mysql.cj.jdbc.ConnectionImpl@2ac9e53c
2024-10-22 09:16:13 - HikariPool-1 - Start completed.
2024-10-22 09:16:13 - HHH90000025: MySQL8Dialect does not need to be specified explicitly using 'hibernate.dialect' (remove the property setting and it will be selected by default)
2024-10-22 09:16:13 - HHH90000026: MySQL8Dialect has been deprecated; use org.hibernate.dialect.MySQLDialect instead
2024-10-22 09:16:15 - HHH000489: No JTA platform available (set 'hibernate.transaction.jta.platform' to enable JTA platform integration)
2024-10-22 09:16:15 - Initialized JPA EntityManagerFactory for persistence unit 'default'
2024-10-22 09:16:15 - Hibernate is in classpath; If applicable, HQL parser will be used.
2024-10-22 09:16:16 - Global AuthenticationManager configured with UserDetailsService bean with name userDetailsServiceImpl
2024-10-22 09:16:16 - spring.jpa.open-in-view is enabled by default. Therefore, database queries may be performed during view rendering. Explicitly configure spring.jpa.open-in-view to disable this warning
2024-10-22 09:16:18 - Started UserControllerTest in 10.563 seconds (process running for 13.72)
2024-10-22 09:16:19 - Initializing Spring TestDispatcherServlet ''
2024-10-22 09:16:19 - Initializing Servlet ''
2024-10-22 09:16:19 - Completed initialization in 1 ms
2024-10-22 09:16:19 - Initializing Spring TestDispatcherServlet ''
2024-10-22 09:16:19 - Initializing Servlet ''
2024-10-22 09:16:19 - Completed initialization in 0 ms
2024-10-22 09:16:19 - Initializing Spring TestDispatcherServlet ''
2024-10-22 09:16:19 - Initializing Servlet ''
2024-10-22 09:16:19 - Completed initialization in 0 ms
2024-10-22 09:16:20 - Initializing Spring TestDispatcherServlet ''
2024-10-22 09:16:20 - Initializing Servlet ''
2024-10-22 09:16:20 - Completed initialization in 0 ms
2024-10-22 09:16:20 - Could not detect default configuration classes for test class [com.wg.banking.controller.AccountControllerTest]: AccountControllerTest does not declare any static, non-private, non-final, nested classes annotated with @Configuration.
2024-10-22 09:16:20 - Found @SpringBootConfiguration com.wg.banking.Main for test class com.wg.banking.controller.AccountControllerTest
2024-10-22 09:16:20 - Initializing Spring TestDispatcherServlet ''
2024-10-22 09:16:20 - Initializing Servlet ''
2024-10-22 09:16:20 - Completed initialization in 0 ms
2024-10-22 09:16:20 - Initializing Spring TestDispatcherServlet ''
2024-10-22 09:16:20 - Initializing Servlet ''
2024-10-22 09:16:20 - Completed initialization in 0 ms
2024-10-22 09:16:20 - Initializing Spring TestDispatcherServlet ''
2024-10-22 09:16:20 - Initializing Servlet ''
2024-10-22 09:16:20 - Completed initialization in 0 ms
2024-10-22 09:16:20 - Initializing Spring TestDispatcherServlet ''
2024-10-22 09:16:20 - Initializing Servlet ''
2024-10-22 09:16:20 - Completed initialization in 0 ms
2024-10-22 09:16:20 - Failure in @ExceptionHandler com.wg.banking.exception.GlobalExceptionHandler#handleGenericException(Exception, HttpServletRequest)
java.lang.IllegalStateException: Cannot call getReader() after getInputStream() has already been called for the current request
	at org.springframework.mock.web.MockHttpServletRequest.getReader(MockHttpServletRequest.java:728)
	at com.wg.banking.exception.GlobalExceptionHandler.logError(GlobalExceptionHandler.java:214)
	at com.wg.banking.exception.GlobalExceptionHandler.handleGenericException(GlobalExceptionHandler.java:200)
	at java.base/jdk.internal.reflect.DirectMethodHandleAccessor.invoke(DirectMethodHandleAccessor.java:103)
	at java.base/java.lang.reflect.Method.invoke(Method.java:580)
	at org.springframework.web.method.support.InvocableHandlerMethod.doInvoke(InvocableHandlerMethod.java:255)
	at org.springframework.web.method.support.InvocableHandlerMethod.invokeForRequest(InvocableHandlerMethod.java:188)
	at org.springframework.web.servlet.mvc.method.annotation.ServletInvocableHandlerMethod.invokeAndHandle(ServletInvocableHandlerMethod.java:118)
	at org.springframework.web.servlet.mvc.method.annotation.ExceptionHandlerExceptionResolver.doResolveHandlerMethodException(ExceptionHandlerExceptionResolver.java:432)
	at org.springframework.web.servlet.handler.AbstractHandlerMethodExceptionResolver.doResolveException(AbstractHandlerMethodExceptionResolver.java:74)
	at org.springframework.web.servlet.handler.AbstractHandlerExceptionResolver.resolveException(AbstractHandlerExceptionResolver.java:175)
	at org.springframework.web.servlet.handler.HandlerExceptionResolverComposite.resolveException(HandlerExceptionResolverComposite.java:80)
	at org.springframework.web.servlet.DispatcherServlet.processHandlerException(DispatcherServlet.java:1358)
	at org.springframework.test.web.servlet.TestDispatcherServlet.processHandlerException(TestDispatcherServlet.java:146)
	at org.springframework.web.servlet.DispatcherServlet.processDispatchResult(DispatcherServlet.java:1161)
	at org.springframework.web.servlet.DispatcherServlet.doDispatch(DispatcherServlet.java:1106)
	at org.springframework.web.servlet.DispatcherServlet.doService(DispatcherServlet.java:979)
	at org.springframework.web.servlet.FrameworkServlet.processRequest(FrameworkServlet.java:1014)
	at org.springframework.web.servlet.FrameworkServlet.doPost(FrameworkServlet.java:914)
	at jakarta.servlet.http.HttpServlet.service(HttpServlet.java:590)
	at org.springframework.web.servlet.FrameworkServlet.service(FrameworkServlet.java:885)
	at org.springframework.test.web.servlet.TestDispatcherServlet.service(TestDispatcherServlet.java:72)
	at jakarta.servlet.http.HttpServlet.service(HttpServlet.java:658)
	at org.springframework.mock.web.MockFilterChain$ServletFilterProxy.doFilter(MockFilterChain.java:165)
	at org.springframework.mock.web.MockFilterChain.doFilter(MockFilterChain.java:132)
	at org.springframework.test.web.servlet.MockMvc.perform(MockMvc.java:201)
	at com.wg.banking.controller.AccountControllerTest.testDeposit_Failure_UserIsNotCustomer(AccountControllerTest.java:94)
	at java.base/jdk.internal.reflect.DirectMethodHandleAccessor.invoke(DirectMethodHandleAccessor.java:103)
	at java.base/java.lang.reflect.Method.invoke(Method.java:580)
	at org.junit.platform.commons.util.ReflectionUtils.invokeMethod(ReflectionUtils.java:728)
	at org.junit.jupiter.engine.execution.MethodInvocation.proceed(MethodInvocation.java:60)
	at org.junit.jupiter.engine.execution.InvocationInterceptorChain$ValidatingInvocation.proceed(InvocationInterceptorChain.java:131)
	at org.junit.jupiter.engine.extension.TimeoutExtension.intercept(TimeoutExtension.java:156)
	at org.junit.jupiter.engine.extension.TimeoutExtension.interceptTestableMethod(TimeoutExtension.java:147)
	at org.junit.jupiter.engine.extension.TimeoutExtension.interceptTestMethod(TimeoutExtension.java:86)
	at org.junit.jupiter.engine.execution.InterceptingExecutableInvoker$ReflectiveInterceptorCall.lambda$ofVoidMethod$0(InterceptingExecutableInvoker.java:103)
	at org.junit.jupiter.engine.execution.InterceptingExecutableInvoker.lambda$invoke$0(InterceptingExecutableInvoker.java:93)
	at org.junit.jupiter.engine.execution.InvocationInterceptorChain$InterceptedInvocation.proceed(InvocationInterceptorChain.java:106)
	at org.junit.jupiter.engine.execution.InvocationInterceptorChain.proceed(InvocationInterceptorChain.java:64)
	at org.junit.jupiter.engine.execution.InvocationInterceptorChain.chainAndInvoke(InvocationInterceptorChain.java:45)
	at org.junit.jupiter.engine.execution.InvocationInterceptorChain.invoke(InvocationInterceptorChain.java:37)
	at org.junit.jupiter.engine.execution.InterceptingExecutableInvoker.invoke(InterceptingExecutableInvoker.java:92)
	at org.junit.jupiter.engine.execution.InterceptingExecutableInvoker.invoke(InterceptingExecutableInvoker.java:86)
	at org.junit.jupiter.engine.descriptor.TestMethodTestDescriptor.lambda$invokeTestMethod$7(TestMethodTestDescriptor.java:218)
	at org.junit.platform.engine.support.hierarchical.ThrowableCollector.execute(ThrowableCollector.java:73)
	at org.junit.jupiter.engine.descriptor.TestMethodTestDescriptor.invokeTestMethod(TestMethodTestDescriptor.java:214)
	at org.junit.jupiter.engine.descriptor.TestMethodTestDescriptor.execute(TestMethodTestDescriptor.java:139)
	at org.junit.jupiter.engine.descriptor.TestMethodTestDescriptor.execute(TestMethodTestDescriptor.java:69)
	at org.junit.platform.engine.support.hierarchical.NodeTestTask.lambda$executeRecursively$6(NodeTestTask.java:151)
	at org.junit.platform.engine.support.hierarchical.ThrowableCollector.execute(ThrowableCollector.java:73)
	at org.junit.platform.engine.support.hierarchical.NodeTestTask.lambda$executeRecursively$8(NodeTestTask.java:141)
	at org.junit.platform.engine.support.hierarchical.Node.around(Node.java:137)
	at org.junit.platform.engine.support.hierarchical.NodeTestTask.lambda$executeRecursively$9(NodeTestTask.java:139)
	at org.junit.platform.engine.support.hierarchical.ThrowableCollector.execute(ThrowableCollector.java:73)
	at org.junit.platform.engine.support.hierarchical.NodeTestTask.executeRecursively(NodeTestTask.java:138)
	at org.junit.platform.engine.support.hierarchical.NodeTestTask.execute(NodeTestTask.java:95)
	at java.base/java.util.ArrayList.forEach(ArrayList.java:1596)
	at org.junit.platform.engine.support.hierarchical.SameThreadHierarchicalTestExecutorService.invokeAll(SameThreadHierarchicalTestExecutorService.java:41)
	at org.junit.platform.engine.support.hierarchical.NodeTestTask.lambda$executeRecursively$6(NodeTestTask.java:155)
	at org.junit.platform.engine.support.hierarchical.ThrowableCollector.execute(ThrowableCollector.java:73)
	at org.junit.platform.engine.support.hierarchical.NodeTestTask.lambda$executeRecursively$8(NodeTestTask.java:141)
	at org.junit.platform.engine.support.hierarchical.Node.around(Node.java:137)
	at org.junit.platform.engine.support.hierarchical.NodeTestTask.lambda$executeRecursively$9(NodeTestTask.java:139)
	at org.junit.platform.engine.support.hierarchical.ThrowableCollector.execute(ThrowableCollector.java:73)
	at org.junit.platform.engine.support.hierarchical.NodeTestTask.executeRecursively(NodeTestTask.java:138)
	at org.junit.platform.engine.support.hierarchical.NodeTestTask.execute(NodeTestTask.java:95)
	at java.base/java.util.ArrayList.forEach(ArrayList.java:1596)
	at org.junit.platform.engine.support.hierarchical.SameThreadHierarchicalTestExecutorService.invokeAll(SameThreadHierarchicalTestExecutorService.java:41)
	at org.junit.platform.engine.support.hierarchical.NodeTestTask.lambda$executeRecursively$6(NodeTestTask.java:155)
	at org.junit.platform.engine.support.hierarchical.ThrowableCollector.execute(ThrowableCollector.java:73)
	at org.junit.platform.engine.support.hierarchical.NodeTestTask.lambda$executeRecursively$8(NodeTestTask.java:141)
	at org.junit.platform.engine.support.hierarchical.Node.around(Node.java:137)
	at org.junit.platform.engine.support.hierarchical.NodeTestTask.lambda$executeRecursively$9(NodeTestTask.java:139)
	at org.junit.platform.engine.support.hierarchical.ThrowableCollector.execute(ThrowableCollector.java:73)
	at org.junit.platform.engine.support.hierarchical.NodeTestTask.executeRecursively(NodeTestTask.java:138)
	at org.junit.platform.engine.support.hierarchical.NodeTestTask.execute(NodeTestTask.java:95)
	at org.junit.platform.engine.support.hierarchical.SameThreadHierarchicalTestExecutorService.submit(SameThreadHierarchicalTestExecutorService.java:35)
	at org.junit.platform.engine.support.hierarchical.HierarchicalTestExecutor.execute(HierarchicalTestExecutor.java:57)
	at org.junit.platform.engine.support.hierarchical.HierarchicalTestEngine.execute(HierarchicalTestEngine.java:54)
	at org.junit.platform.launcher.core.EngineExecutionOrchestrator.execute(EngineExecutionOrchestrator.java:147)
	at org.junit.platform.launcher.core.EngineExecutionOrchestrator.execute(EngineExecutionOrchestrator.java:127)
	at org.junit.platform.launcher.core.EngineExecutionOrchestrator.execute(EngineExecutionOrchestrator.java:90)
	at org.junit.platform.launcher.core.EngineExecutionOrchestrator.lambda$execute$0(EngineExecutionOrchestrator.java:55)
	at org.junit.platform.launcher.core.EngineExecutionOrchestrator.withInterceptedStreams(EngineExecutionOrchestrator.java:102)
	at org.junit.platform.launcher.core.EngineExecutionOrchestrator.execute(EngineExecutionOrchestrator.java:54)
	at org.junit.platform.launcher.core.DefaultLauncher.execute(DefaultLauncher.java:114)
	at org.junit.platform.launcher.core.DefaultLauncher.execute(DefaultLauncher.java:86)
	at org.junit.platform.launcher.core.DefaultLauncherSession$DelegatingLauncher.execute(DefaultLauncherSession.java:86)
	at org.junit.platform.launcher.core.SessionPerRequestLauncher.execute(SessionPerRequestLauncher.java:53)
	at org.infinitest.testrunner.junit5.Junit5Runner.runTest(Junit5Runner.java:72)
	at org.infinitest.testrunner.DefaultRunner.runTest(DefaultRunner.java:63)
	at org.infinitest.testrunner.TestRunnerProcess.runTest(TestRunnerProcess.java:78)
	at org.infinitest.testrunner.TestRunnerProcess.writeTestResultToOutputStream(TestRunnerProcess.java:137)
	at org.infinitest.testrunner.TestRunnerProcess.main(TestRunnerProcess.java:100)
2024-10-22 09:16:20 - Closing JPA EntityManagerFactory for persistence unit 'default'
2024-10-22 09:16:20 - HikariPool-1 - Shutdown initiated...
2024-10-22 09:16:20 - HikariPool-1 - Shutdown completed.
2024-10-22 09:17:36 - Starting Main using Java 21.0.3 with PID 23720 (C:\Users\pbhatt\OneDrive - WatchGuard Technologies Inc\Documents\project\banking-system-api-private\target\classes started by pbhatt in C:\Users\pbhatt\OneDrive - WatchGuard Technologies Inc\Documents\project\banking-system-api-private)
2024-10-22 09:17:36 - No active profile set, falling back to 1 default profile: "default"
2024-10-22 09:17:36 - Devtools property defaults active! Set 'spring.devtools.add-properties' to 'false' to disable
2024-10-22 09:17:36 - For additional web related logging consider setting the 'logging.level.web' property to 'DEBUG'
2024-10-22 09:17:38 - Bootstrapping Spring Data JPA repositories in DEFAULT mode.
2024-10-22 09:17:38 - Finished Spring Data repository scanning in 141 ms. Found 4 JPA repository interfaces.
2024-10-22 09:17:39 - Tomcat initialized with port 8080 (http)
2024-10-22 09:17:39 - Starting service [Tomcat]
2024-10-22 09:17:39 - Starting Servlet engine: [Apache Tomcat/10.1.30]
2024-10-22 09:17:39 - Initializing Spring embedded WebApplicationContext
2024-10-22 09:17:39 - Root WebApplicationContext: initialization completed in 3127 ms
2024-10-22 09:17:39 - HikariPool-1 - Starting...
2024-10-22 09:17:40 - HikariPool-1 - Added connection com.mysql.cj.jdbc.ConnectionImpl@6be09d6
2024-10-22 09:17:40 - HikariPool-1 - Start completed.
2024-10-22 09:17:40 - H2 console available at '/h2-console'. Database available at 'jdbc:mysql://localhost:3306/banking'
2024-10-22 09:17:40 - HHH000204: Processing PersistenceUnitInfo [name: default]
2024-10-22 09:17:40 - HHH000412: Hibernate ORM core version 6.5.3.Final
2024-10-22 09:17:40 - HHH000026: Second-level cache disabled
2024-10-22 09:17:41 - No LoadTimeWeaver setup: ignoring JPA class transformer
2024-10-22 09:17:41 - HHH90000025: MySQL8Dialect does not need to be specified explicitly using 'hibernate.dialect' (remove the property setting and it will be selected by default)
2024-10-22 09:17:41 - HHH90000026: MySQL8Dialect has been deprecated; use org.hibernate.dialect.MySQLDialect instead
2024-10-22 09:17:42 - HHH000489: No JTA platform available (set 'hibernate.transaction.jta.platform' to enable JTA platform integration)
2024-10-22 09:17:42 - Initialized JPA EntityManagerFactory for persistence unit 'default'
2024-10-22 09:17:43 - Hibernate is in classpath; If applicable, HQL parser will be used.
2024-10-22 09:17:44 - Global AuthenticationManager configured with UserDetailsService bean with name userDetailsServiceImpl
2024-10-22 09:17:44 - spring.jpa.open-in-view is enabled by default. Therefore, database queries may be performed during view rendering. Explicitly configure spring.jpa.open-in-view to disable this warning
2024-10-22 09:17:45 - LiveReload server is running on port 35729
2024-10-22 09:17:45 - Tomcat started on port 8080 (http) with context path '/'
2024-10-22 09:17:45 - Started Main in 9.877 seconds (process running for 13.502)
2024-10-22 09:17:59 - Initializing Spring DispatcherServlet 'dispatcherServlet'
2024-10-22 09:17:59 - Initializing Servlet 'dispatcherServlet'
2024-10-22 09:17:59 - Completed initialization in 0 ms
2024-10-22 09:58:32 - Restarting due to 1 class path change (0 additions, 0 deletions, 1 modification)
2024-10-22 09:58:32 - Closing JPA EntityManagerFactory for persistence unit 'default'
2024-10-22 09:58:32 - HikariPool-1 - Shutdown initiated...
2024-10-22 09:58:32 - HikariPool-1 - Shutdown completed.
2024-10-22 09:58:32 - Starting Main using Java 21.0.3 with PID 23720 (C:\Users\pbhatt\OneDrive - WatchGuard Technologies Inc\Documents\project\banking-system-api-private\target\classes started by pbhatt in C:\Users\pbhatt\OneDrive - WatchGuard Technologies Inc\Documents\project\banking-system-api-private)
2024-10-22 09:58:32 - No active profile set, falling back to 1 default profile: "default"
2024-10-22 09:58:33 - Bootstrapping Spring Data JPA repositories in DEFAULT mode.
2024-10-22 09:58:33 - Finished Spring Data repository scanning in 96 ms. Found 4 JPA repository interfaces.
2024-10-22 09:58:33 - Tomcat initialized with port 8080 (http)
2024-10-22 09:58:33 - Starting service [Tomcat]
2024-10-22 09:58:33 - Starting Servlet engine: [Apache Tomcat/10.1.30]
2024-10-22 09:58:33 - Initializing Spring embedded WebApplicationContext
2024-10-22 09:58:33 - Root WebApplicationContext: initialization completed in 1041 ms
2024-10-22 09:58:33 - HikariPool-2 - Starting...
2024-10-22 09:58:33 - HikariPool-2 - Added connection com.mysql.cj.jdbc.ConnectionImpl@9d551ce
2024-10-22 09:58:33 - HikariPool-2 - Start completed.
2024-10-22 09:58:33 - H2 console available at '/h2-console'. Database available at 'jdbc:mysql://localhost:3306/banking'
2024-10-22 09:58:33 - HHH000204: Processing PersistenceUnitInfo [name: default]
2024-10-22 09:58:33 - HHH000026: Second-level cache disabled
2024-10-22 09:58:33 - No LoadTimeWeaver setup: ignoring JPA class transformer
2024-10-22 09:58:33 - HHH90000025: MySQL8Dialect does not need to be specified explicitly using 'hibernate.dialect' (remove the property setting and it will be selected by default)
2024-10-22 09:58:33 - HHH90000026: MySQL8Dialect has been deprecated; use org.hibernate.dialect.MySQLDialect instead
2024-10-22 09:58:34 - HHH000489: No JTA platform available (set 'hibernate.transaction.jta.platform' to enable JTA platform integration)
2024-10-22 09:58:34 - Initialized JPA EntityManagerFactory for persistence unit 'default'
2024-10-22 09:58:34 - Global AuthenticationManager configured with UserDetailsService bean with name userDetailsServiceImpl
2024-10-22 09:58:34 - spring.jpa.open-in-view is enabled by default. Therefore, database queries may be performed during view rendering. Explicitly configure spring.jpa.open-in-view to disable this warning
2024-10-22 09:58:34 - LiveReload server is running on port 35729
2024-10-22 09:58:34 - Tomcat started on port 8080 (http) with context path '/'
2024-10-22 09:58:34 - Started Main in 2.414 seconds (process running for 2462.763)
2024-10-22 09:58:34 - Condition evaluation unchanged
2024-10-22 09:58:35 - Starting UserControllerTest using Java 21.0.3 with PID 25832 (started by pbhatt in C:\Users\pbhatt\OneDrive - WatchGuard Technologies Inc\Documents\project\banking-system-api-private)
2024-10-22 09:58:35 - No active profile set, falling back to 1 default profile: "default"
2024-10-22 09:58:37 - Bootstrapping Spring Data JPA repositories in DEFAULT mode.
2024-10-22 09:58:37 - Finished Spring Data repository scanning in 114 ms. Found 4 JPA repository interfaces.
2024-10-22 09:58:38 - HHH000204: Processing PersistenceUnitInfo [name: default]
2024-10-22 09:58:38 - HHH000412: Hibernate ORM core version 6.5.3.Final
2024-10-22 09:58:38 - HHH000026: Second-level cache disabled
2024-10-22 09:58:38 - No LoadTimeWeaver setup: ignoring JPA class transformer
2024-10-22 09:58:38 - HikariPool-1 - Starting...
2024-10-22 09:58:39 - HikariPool-1 - Added connection com.mysql.cj.jdbc.ConnectionImpl@65d6640
2024-10-22 09:58:39 - HikariPool-1 - Start completed.
2024-10-22 09:58:39 - HHH90000025: MySQL8Dialect does not need to be specified explicitly using 'hibernate.dialect' (remove the property setting and it will be selected by default)
2024-10-22 09:58:39 - HHH90000026: MySQL8Dialect has been deprecated; use org.hibernate.dialect.MySQLDialect instead
2024-10-22 09:58:40 - HHH000489: No JTA platform available (set 'hibernate.transaction.jta.platform' to enable JTA platform integration)
2024-10-22 09:58:40 - Initialized JPA EntityManagerFactory for persistence unit 'default'
2024-10-22 09:58:41 - Hibernate is in classpath; If applicable, HQL parser will be used.
2024-10-22 09:58:41 - Global AuthenticationManager configured with UserDetailsService bean with name userDetailsServiceImpl
2024-10-22 09:58:42 - spring.jpa.open-in-view is enabled by default. Therefore, database queries may be performed during view rendering. Explicitly configure spring.jpa.open-in-view to disable this warning
2024-10-22 09:58:43 - Started UserControllerTest in 7.94 seconds (process running for 11.171)
2024-10-22 09:58:43 - Initializing Spring DispatcherServlet 'dispatcherServlet'
2024-10-22 09:58:43 - Initializing Servlet 'dispatcherServlet'
2024-10-22 09:58:43 - Completed initialization in 2 ms
2024-10-22 09:58:44 - Initializing Spring TestDispatcherServlet ''
2024-10-22 09:58:44 - Initializing Servlet ''
2024-10-22 09:58:44 - Completed initialization in 1 ms
2024-10-22 09:58:44 - Initializing Spring TestDispatcherServlet ''
2024-10-22 09:58:44 - Initializing Servlet ''
2024-10-22 09:58:44 - Completed initialization in 0 ms
2024-10-22 09:58:45 - Initializing Spring TestDispatcherServlet ''
2024-10-22 09:58:45 - Initializing Servlet ''
2024-10-22 09:58:45 - Completed initialization in 1 ms
2024-10-22 09:58:45 - Initializing Spring TestDispatcherServlet ''
2024-10-22 09:58:45 - Initializing Servlet ''
2024-10-22 09:58:45 - Completed initialization in 0 ms
2024-10-22 09:58:45 - Closing JPA EntityManagerFactory for persistence unit 'default'
2024-10-22 09:58:45 - HikariPool-1 - Shutdown initiated...
2024-10-22 09:58:45 - HikariPool-1 - Shutdown completed.
2024-10-22 09:58:52 - Error occurred: Access Denied, URL: http://localhost:8080/api/users, Method: GET, User: postman, Params: org.apache.catalina.util.ParameterMap@7aa33b08, Body: N/A
org.springframework.security.authorization.AuthorizationDeniedException: Access Denied
	at org.springframework.security.authorization.method.ThrowingMethodAuthorizationDeniedHandler.handleDeniedInvocation(ThrowingMethodAuthorizationDeniedHandler.java:38) ~[spring-security-core-6.3.3.jar:6.3.3]
	at org.springframework.security.authorization.method.PreAuthorizeAuthorizationManager.handleDeniedInvocation(PreAuthorizeAuthorizationManager.java:92) ~[spring-security-core-6.3.3.jar:6.3.3]
	at org.springframework.security.authorization.method.AuthorizationManagerBeforeMethodInterceptor.handle(AuthorizationManagerBeforeMethodInterceptor.java:288) ~[spring-security-core-6.3.3.jar:6.3.3]
	at org.springframework.security.authorization.method.AuthorizationManagerBeforeMethodInterceptor.attemptAuthorization(AuthorizationManagerBeforeMethodInterceptor.java:261) ~[spring-security-core-6.3.3.jar:6.3.3]
	at org.springframework.security.authorization.method.AuthorizationManagerBeforeMethodInterceptor.invoke(AuthorizationManagerBeforeMethodInterceptor.java:197) ~[spring-security-core-6.3.3.jar:6.3.3]
	at org.springframework.security.config.annotation.method.configuration.DeferringMethodInterceptor.invoke(DeferringMethodInterceptor.java:44) ~[spring-security-config-6.3.3.jar:6.3.3]
	at org.springframework.aop.framework.ReflectiveMethodInvocation.proceed(ReflectiveMethodInvocation.java:184) ~[spring-aop-6.1.13.jar:6.1.13]
	at org.springframework.aop.framework.CglibAopProxy$CglibMethodInvocation.proceed(CglibAopProxy.java:768) ~[spring-aop-6.1.13.jar:6.1.13]
	at org.springframework.aop.framework.CglibAopProxy$DynamicAdvisedInterceptor.intercept(CglibAopProxy.java:720) ~[spring-aop-6.1.13.jar:6.1.13]
	at com.wg.banking.controller.UserController$$SpringCGLIB$$0.getAllUsers(<generated>) ~[classes/:na]
	at java.base/jdk.internal.reflect.DirectMethodHandleAccessor.invoke(DirectMethodHandleAccessor.java:103) ~[na:na]
	at java.base/java.lang.reflect.Method.invoke(Method.java:580) ~[na:na]
	at org.springframework.web.method.support.InvocableHandlerMethod.doInvoke(InvocableHandlerMethod.java:255) ~[spring-web-6.1.13.jar:6.1.13]
	at org.springframework.web.method.support.InvocableHandlerMethod.invokeForRequest(InvocableHandlerMethod.java:188) ~[spring-web-6.1.13.jar:6.1.13]
	at org.springframework.web.servlet.mvc.method.annotation.ServletInvocableHandlerMethod.invokeAndHandle(ServletInvocableHandlerMethod.java:118) ~[spring-webmvc-6.1.13.jar:6.1.13]
	at org.springframework.web.servlet.mvc.method.annotation.RequestMappingHandlerAdapter.invokeHandlerMethod(RequestMappingHandlerAdapter.java:926) ~[spring-webmvc-6.1.13.jar:6.1.13]
	at org.springframework.web.servlet.mvc.method.annotation.RequestMappingHandlerAdapter.handleInternal(RequestMappingHandlerAdapter.java:831) ~[spring-webmvc-6.1.13.jar:6.1.13]
	at org.springframework.web.servlet.mvc.method.AbstractHandlerMethodAdapter.handle(AbstractHandlerMethodAdapter.java:87) ~[spring-webmvc-6.1.13.jar:6.1.13]
	at org.springframework.web.servlet.DispatcherServlet.doDispatch(DispatcherServlet.java:1089) ~[spring-webmvc-6.1.13.jar:6.1.13]
	at org.springframework.web.servlet.DispatcherServlet.doService(DispatcherServlet.java:979) ~[spring-webmvc-6.1.13.jar:6.1.13]
	at org.springframework.web.servlet.FrameworkServlet.processRequest(FrameworkServlet.java:1014) ~[spring-webmvc-6.1.13.jar:6.1.13]
	at org.springframework.web.servlet.FrameworkServlet.doGet(FrameworkServlet.java:903) ~[spring-webmvc-6.1.13.jar:6.1.13]
	at jakarta.servlet.http.HttpServlet.service(HttpServlet.java:564) ~[tomcat-embed-core-10.1.30.jar:6.0]
	at org.springframework.web.servlet.FrameworkServlet.service(FrameworkServlet.java:885) ~[spring-webmvc-6.1.13.jar:6.1.13]
	at jakarta.servlet.http.HttpServlet.service(HttpServlet.java:658) ~[tomcat-embed-core-10.1.30.jar:6.0]
	at org.apache.catalina.core.ApplicationFilterChain.internalDoFilter(ApplicationFilterChain.java:195) ~[tomcat-embed-core-10.1.30.jar:10.1.30]
	at org.apache.catalina.core.ApplicationFilterChain.doFilter(ApplicationFilterChain.java:140) ~[tomcat-embed-core-10.1.30.jar:10.1.30]
	at org.apache.tomcat.websocket.server.WsFilter.doFilter(WsFilter.java:51) ~[tomcat-embed-websocket-10.1.30.jar:10.1.30]
	at org.apache.catalina.core.ApplicationFilterChain.internalDoFilter(ApplicationFilterChain.java:164) ~[tomcat-embed-core-10.1.30.jar:10.1.30]
	at org.apache.catalina.core.ApplicationFilterChain.doFilter(ApplicationFilterChain.java:140) ~[tomcat-embed-core-10.1.30.jar:10.1.30]
	at org.springframework.web.filter.OncePerRequestFilter.doFilter(OncePerRequestFilter.java:110) ~[spring-web-6.1.13.jar:6.1.13]
	at org.apache.catalina.core.ApplicationFilterChain.internalDoFilter(ApplicationFilterChain.java:164) ~[tomcat-embed-core-10.1.30.jar:10.1.30]
	at org.apache.catalina.core.ApplicationFilterChain.doFilter(ApplicationFilterChain.java:140) ~[tomcat-embed-core-10.1.30.jar:10.1.30]
	at org.springframework.web.filter.CompositeFilter$VirtualFilterChain.doFilter(CompositeFilter.java:108) ~[spring-web-6.1.13.jar:6.1.13]
	at org.springframework.security.web.FilterChainProxy.lambda$doFilterInternal$3(FilterChainProxy.java:231) ~[spring-security-web-6.3.3.jar:6.3.3]
	at org.springframework.security.web.FilterChainProxy$VirtualFilterChain.doFilter(FilterChainProxy.java:365) ~[spring-security-web-6.3.3.jar:6.3.3]
	at org.springframework.security.web.access.intercept.AuthorizationFilter.doFilter(AuthorizationFilter.java:100) ~[spring-security-web-6.3.3.jar:6.3.3]
	at org.springframework.security.web.FilterChainProxy$VirtualFilterChain.doFilter(FilterChainProxy.java:374) ~[spring-security-web-6.3.3.jar:6.3.3]
	at org.springframework.security.web.access.ExceptionTranslationFilter.doFilter(ExceptionTranslationFilter.java:126) ~[spring-security-web-6.3.3.jar:6.3.3]
	at org.springframework.security.web.access.ExceptionTranslationFilter.doFilter(ExceptionTranslationFilter.java:120) ~[spring-security-web-6.3.3.jar:6.3.3]
	at org.springframework.security.web.FilterChainProxy$VirtualFilterChain.doFilter(FilterChainProxy.java:374) ~[spring-security-web-6.3.3.jar:6.3.3]
	at org.springframework.security.web.session.SessionManagementFilter.doFilter(SessionManagementFilter.java:131) ~[spring-security-web-6.3.3.jar:6.3.3]
	at org.springframework.security.web.session.SessionManagementFilter.doFilter(SessionManagementFilter.java:85) ~[spring-security-web-6.3.3.jar:6.3.3]
	at org.springframework.security.web.FilterChainProxy$VirtualFilterChain.doFilter(FilterChainProxy.java:374) ~[spring-security-web-6.3.3.jar:6.3.3]
	at org.springframework.security.web.authentication.AnonymousAuthenticationFilter.doFilter(AnonymousAuthenticationFilter.java:100) ~[spring-security-web-6.3.3.jar:6.3.3]
	at org.springframework.security.web.FilterChainProxy$VirtualFilterChain.doFilter(FilterChainProxy.java:374) ~[spring-security-web-6.3.3.jar:6.3.3]
	at org.springframework.security.web.servletapi.SecurityContextHolderAwareRequestFilter.doFilter(SecurityContextHolderAwareRequestFilter.java:179) ~[spring-security-web-6.3.3.jar:6.3.3]
	at org.springframework.security.web.FilterChainProxy$VirtualFilterChain.doFilter(FilterChainProxy.java:374) ~[spring-security-web-6.3.3.jar:6.3.3]
	at org.springframework.security.web.savedrequest.RequestCacheAwareFilter.doFilter(RequestCacheAwareFilter.java:63) ~[spring-security-web-6.3.3.jar:6.3.3]
	at org.springframework.security.web.FilterChainProxy$VirtualFilterChain.doFilter(FilterChainProxy.java:374) ~[spring-security-web-6.3.3.jar:6.3.3]
	at org.springframework.security.web.authentication.www.BasicAuthenticationFilter.doFilterInternal(BasicAuthenticationFilter.java:181) ~[spring-security-web-6.3.3.jar:6.3.3]
	at org.springframework.web.filter.OncePerRequestFilter.doFilter(OncePerRequestFilter.java:116) ~[spring-web-6.1.13.jar:6.1.13]
	at org.springframework.security.web.FilterChainProxy$VirtualFilterChain.doFilter(FilterChainProxy.java:374) ~[spring-security-web-6.3.3.jar:6.3.3]
	at com.wg.banking.security.JwtFilter.doFilterInternal(JwtFilter.java:46) ~[classes/:na]
	at org.springframework.web.filter.OncePerRequestFilter.doFilter(OncePerRequestFilter.java:116) ~[spring-web-6.1.13.jar:6.1.13]
	at org.springframework.security.web.FilterChainProxy$VirtualFilterChain.doFilter(FilterChainProxy.java:374) ~[spring-security-web-6.3.3.jar:6.3.3]
	at org.springframework.security.web.authentication.logout.LogoutFilter.doFilter(LogoutFilter.java:107) ~[spring-security-web-6.3.3.jar:6.3.3]
	at org.springframework.security.web.authentication.logout.LogoutFilter.doFilter(LogoutFilter.java:93) ~[spring-security-web-6.3.3.jar:6.3.3]
	at org.springframework.security.web.FilterChainProxy$VirtualFilterChain.doFilter(FilterChainProxy.java:374) ~[spring-security-web-6.3.3.jar:6.3.3]
	at org.springframework.security.web.header.HeaderWriterFilter.doHeadersAfter(HeaderWriterFilter.java:90) ~[spring-security-web-6.3.3.jar:6.3.3]
	at org.springframework.security.web.header.HeaderWriterFilter.doFilterInternal(HeaderWriterFilter.java:75) ~[spring-security-web-6.3.3.jar:6.3.3]
	at org.springframework.web.filter.OncePerRequestFilter.doFilter(OncePerRequestFilter.java:116) ~[spring-web-6.1.13.jar:6.1.13]
	at org.springframework.security.web.FilterChainProxy$VirtualFilterChain.doFilter(FilterChainProxy.java:374) ~[spring-security-web-6.3.3.jar:6.3.3]
	at org.springframework.security.web.context.SecurityContextHolderFilter.doFilter(SecurityContextHolderFilter.java:82) ~[spring-security-web-6.3.3.jar:6.3.3]
	at org.springframework.security.web.context.SecurityContextHolderFilter.doFilter(SecurityContextHolderFilter.java:69) ~[spring-security-web-6.3.3.jar:6.3.3]
	at org.springframework.security.web.FilterChainProxy$VirtualFilterChain.doFilter(FilterChainProxy.java:374) ~[spring-security-web-6.3.3.jar:6.3.3]
	at org.springframework.security.web.context.request.async.WebAsyncManagerIntegrationFilter.doFilterInternal(WebAsyncManagerIntegrationFilter.java:62) ~[spring-security-web-6.3.3.jar:6.3.3]
	at org.springframework.web.filter.OncePerRequestFilter.doFilter(OncePerRequestFilter.java:116) ~[spring-web-6.1.13.jar:6.1.13]
	at org.springframework.security.web.FilterChainProxy$VirtualFilterChain.doFilter(FilterChainProxy.java:374) ~[spring-security-web-6.3.3.jar:6.3.3]
	at org.springframework.security.web.session.DisableEncodeUrlFilter.doFilterInternal(DisableEncodeUrlFilter.java:42) ~[spring-security-web-6.3.3.jar:6.3.3]
	at org.springframework.web.filter.OncePerRequestFilter.doFilter(OncePerRequestFilter.java:116) ~[spring-web-6.1.13.jar:6.1.13]
	at org.springframework.security.web.FilterChainProxy$VirtualFilterChain.doFilter(FilterChainProxy.java:374) ~[spring-security-web-6.3.3.jar:6.3.3]
	at org.springframework.security.web.FilterChainProxy.doFilterInternal(FilterChainProxy.java:233) ~[spring-security-web-6.3.3.jar:6.3.3]
	at org.springframework.security.web.FilterChainProxy.doFilter(FilterChainProxy.java:191) ~[spring-security-web-6.3.3.jar:6.3.3]
	at org.springframework.web.filter.CompositeFilter$VirtualFilterChain.doFilter(CompositeFilter.java:113) ~[spring-web-6.1.13.jar:6.1.13]
	at org.springframework.web.servlet.handler.HandlerMappingIntrospector.lambda$createCacheFilter$3(HandlerMappingIntrospector.java:195) ~[spring-webmvc-6.1.13.jar:6.1.13]
	at org.springframework.web.filter.CompositeFilter$VirtualFilterChain.doFilter(CompositeFilter.java:113) ~[spring-web-6.1.13.jar:6.1.13]
	at org.springframework.web.filter.CompositeFilter.doFilter(CompositeFilter.java:74) ~[spring-web-6.1.13.jar:6.1.13]
	at org.springframework.security.config.annotation.web.configuration.WebMvcSecurityConfiguration$CompositeFilterChainProxy.doFilter(WebMvcSecurityConfiguration.java:230) ~[spring-security-config-6.3.3.jar:6.3.3]
	at org.springframework.web.filter.DelegatingFilterProxy.invokeDelegate(DelegatingFilterProxy.java:352) ~[spring-web-6.1.13.jar:6.1.13]
	at org.springframework.web.filter.DelegatingFilterProxy.doFilter(DelegatingFilterProxy.java:268) ~[spring-web-6.1.13.jar:6.1.13]
	at org.apache.catalina.core.ApplicationFilterChain.internalDoFilter(ApplicationFilterChain.java:164) ~[tomcat-embed-core-10.1.30.jar:10.1.30]
	at org.apache.catalina.core.ApplicationFilterChain.doFilter(ApplicationFilterChain.java:140) ~[tomcat-embed-core-10.1.30.jar:10.1.30]
	at org.springframework.web.filter.RequestContextFilter.doFilterInternal(RequestContextFilter.java:100) ~[spring-web-6.1.13.jar:6.1.13]
	at org.springframework.web.filter.OncePerRequestFilter.doFilter(OncePerRequestFilter.java:116) ~[spring-web-6.1.13.jar:6.1.13]
	at org.apache.catalina.core.ApplicationFilterChain.internalDoFilter(ApplicationFilterChain.java:164) ~[tomcat-embed-core-10.1.30.jar:10.1.30]
	at org.apache.catalina.core.ApplicationFilterChain.doFilter(ApplicationFilterChain.java:140) ~[tomcat-embed-core-10.1.30.jar:10.1.30]
	at org.springframework.web.filter.FormContentFilter.doFilterInternal(FormContentFilter.java:93) ~[spring-web-6.1.13.jar:6.1.13]
	at org.springframework.web.filter.OncePerRequestFilter.doFilter(OncePerRequestFilter.java:116) ~[spring-web-6.1.13.jar:6.1.13]
	at org.apache.catalina.core.ApplicationFilterChain.internalDoFilter(ApplicationFilterChain.java:164) ~[tomcat-embed-core-10.1.30.jar:10.1.30]
	at org.apache.catalina.core.ApplicationFilterChain.doFilter(ApplicationFilterChain.java:140) ~[tomcat-embed-core-10.1.30.jar:10.1.30]
	at org.springframework.web.filter.CharacterEncodingFilter.doFilterInternal(CharacterEncodingFilter.java:201) ~[spring-web-6.1.13.jar:6.1.13]
	at org.springframework.web.filter.OncePerRequestFilter.doFilter(OncePerRequestFilter.java:116) ~[spring-web-6.1.13.jar:6.1.13]
	at org.apache.catalina.core.ApplicationFilterChain.internalDoFilter(ApplicationFilterChain.java:164) ~[tomcat-embed-core-10.1.30.jar:10.1.30]
	at org.apache.catalina.core.ApplicationFilterChain.doFilter(ApplicationFilterChain.java:140) ~[tomcat-embed-core-10.1.30.jar:10.1.30]
	at org.apache.catalina.core.StandardWrapperValve.invoke(StandardWrapperValve.java:167) ~[tomcat-embed-core-10.1.30.jar:10.1.30]
	at org.apache.catalina.core.StandardContextValve.invoke(StandardContextValve.java:90) ~[tomcat-embed-core-10.1.30.jar:10.1.30]
	at org.apache.catalina.authenticator.AuthenticatorBase.invoke(AuthenticatorBase.java:483) ~[tomcat-embed-core-10.1.30.jar:10.1.30]
	at org.apache.catalina.core.StandardHostValve.invoke(StandardHostValve.java:115) ~[tomcat-embed-core-10.1.30.jar:10.1.30]
	at org.apache.catalina.valves.ErrorReportValve.invoke(ErrorReportValve.java:93) ~[tomcat-embed-core-10.1.30.jar:10.1.30]
	at org.apache.catalina.core.StandardEngineValve.invoke(StandardEngineValve.java:74) ~[tomcat-embed-core-10.1.30.jar:10.1.30]
	at org.apache.catalina.connector.CoyoteAdapter.service(CoyoteAdapter.java:344) ~[tomcat-embed-core-10.1.30.jar:10.1.30]
	at org.apache.coyote.http11.Http11Processor.service(Http11Processor.java:384) ~[tomcat-embed-core-10.1.30.jar:10.1.30]
	at org.apache.coyote.AbstractProcessorLight.process(AbstractProcessorLight.java:63) ~[tomcat-embed-core-10.1.30.jar:10.1.30]
	at org.apache.coyote.AbstractProtocol$ConnectionHandler.process(AbstractProtocol.java:905) ~[tomcat-embed-core-10.1.30.jar:10.1.30]
	at org.apache.tomcat.util.net.NioEndpoint$SocketProcessor.doRun(NioEndpoint.java:1741) ~[tomcat-embed-core-10.1.30.jar:10.1.30]
	at org.apache.tomcat.util.net.SocketProcessorBase.run(SocketProcessorBase.java:52) ~[tomcat-embed-core-10.1.30.jar:10.1.30]
	at org.apache.tomcat.util.threads.ThreadPoolExecutor.runWorker(ThreadPoolExecutor.java:1190) ~[tomcat-embed-core-10.1.30.jar:10.1.30]
	at org.apache.tomcat.util.threads.ThreadPoolExecutor$Worker.run(ThreadPoolExecutor.java:659) ~[tomcat-embed-core-10.1.30.jar:10.1.30]
	at org.apache.tomcat.util.threads.TaskThread$WrappingRunnable.run(TaskThread.java:63) ~[tomcat-embed-core-10.1.30.jar:10.1.30]
	at java.base/java.lang.Thread.run(Thread.java:1583) ~[na:na]
2024-10-22 09:58:52 - Resolved [org.springframework.security.authorization.AuthorizationDeniedException: Access Denied]
